<?xml version="1.0" encoding="UTF-8"?>
<!-- Generated by org.testng.reporters.JUnitReportReporter -->
<testsuite failures="0" tests="3" name="com.duckduck.qa.testcases.DuckDuckGoSerchResult" time="23.617" errors="0" timestamp="08 Apr 2024 02:30:15 GMT" skipped="0">
  <testcase classname="com.duckduck.qa.testcases.DuckDuckGoSerchResult" name="serchresultpage" time="8.090"/>
  <testcase classname="com.duckduck.qa.testcases.DuckDuckGoSerchResult" name="wallpaperelement" time="7.979"/>
  <testcase classname="com.duckduck.qa.testcases.DuckDuckGoSerchResult" name="comparisionelement" time="7.548"/>
</testsuite> <!-- com.duckduck.qa.testcases.DuckDuckGoSerchResult -->
